{"C:\\Users\\juan.medina\\Documents\\dale\\actividad-01\\rn-login\\rnlogin\\src\\api\\loginApi.tsx": {"path":"C:\\Users\\juan.medina\\Documents\\dale\\actividad-01\\rn-login\\rnlogin\\src\\api\\loginApi.tsx","statementMap":{"0":{"start":{"line":5,"column":16},"end":{"line":5,"column":40}},"1":{"start":{"line":7,"column":17},"end":{"line":7,"column":42}},"2":{"start":{"line":9,"column":0},"end":{"line":17,"column":2}},"3":{"start":{"line":11,"column":22},"end":{"line":11,"column":57}},"4":{"start":{"line":12,"column":8},"end":{"line":14,"column":9}},"5":{"start":{"line":13,"column":12},"end":{"line":13,"column":46}},"6":{"start":{"line":15,"column":8},"end":{"line":15,"column":22}}},"fnMap":{"0":{"name":"(anonymous_0)","decl":{"start":{"line":10,"column":4},"end":{"line":10,"column":5}},"loc":{"start":{"line":10,"column":21},"end":{"line":16,"column":5}},"line":10}},"branchMap":{"0":{"loc":{"start":{"line":12,"column":8},"end":{"line":14,"column":9}},"type":"if","locations":[{"start":{"line":12,"column":8},"end":{"line":14,"column":9}},{"start":{},"end":{}}],"line":12}},"s":{"0":3,"1":3,"2":3,"3":0,"4":0,"5":0,"6":0},"f":{"0":0},"b":{"0":[0,0]},"_coverageSchema":"1a1c01bbd47fc00a2c39e90264f33305004495a9","hash":"0049aeba530517fde16e1356782e9fb6547815b0"}
,"C:\\Users\\juan.medina\\Documents\\dale\\actividad-01\\rn-login\\rnlogin\\src\\components\\atoms\\ButtonA.tsx": {"path":"C:\\Users\\juan.medina\\Documents\\dale\\actividad-01\\rn-login\\rnlogin\\src\\components\\atoms\\ButtonA.tsx","statementMap":{"0":{"start":{"line":5,"column":29},"end":{"line":12,"column":1}},"1":{"start":{"line":14,"column":26},"end":{"line":18,"column":1}}},"fnMap":{},"branchMap":{},"s":{"0":3,"1":3},"f":{},"b":{},"_coverageSchema":"1a1c01bbd47fc00a2c39e90264f33305004495a9","hash":"bdc41dd98eb31fb4af14f1f27ea46a77f207d212"}
,"C:\\Users\\juan.medina\\Documents\\dale\\actividad-01\\rn-login\\rnlogin\\src\\components\\atoms\\CenterView.tsx": {"path":"C:\\Users\\juan.medina\\Documents\\dale\\actividad-01\\rn-login\\rnlogin\\src\\components\\atoms\\CenterView.tsx","statementMap":{"0":{"start":{"line":3,"column":26},"end":{"line":8,"column":1}}},"fnMap":{},"branchMap":{},"s":{"0":2},"f":{},"b":{},"_coverageSchema":"1a1c01bbd47fc00a2c39e90264f33305004495a9","hash":"9cdd5daa806c0af65d17c21ba2536346347ff7a9"}
,"C:\\Users\\juan.medina\\Documents\\dale\\actividad-01\\rn-login\\rnlogin\\src\\components\\atoms\\KeyboardAvoidingA.tsx": {"path":"C:\\Users\\juan.medina\\Documents\\dale\\actividad-01\\rn-login\\rnlogin\\src\\components\\atoms\\KeyboardAvoidingA.tsx","statementMap":{"0":{"start":{"line":3,"column":33},"end":{"line":8,"column":1}}},"fnMap":{},"branchMap":{},"s":{"0":1},"f":{},"b":{},"_coverageSchema":"1a1c01bbd47fc00a2c39e90264f33305004495a9","hash":"3971e7c54e49aede62e6f11a283043da5a617e89"}
,"C:\\Users\\juan.medina\\Documents\\dale\\actividad-01\\rn-login\\rnlogin\\src\\components\\atoms\\Loader.tsx": {"path":"C:\\Users\\juan.medina\\Documents\\dale\\actividad-01\\rn-login\\rnlogin\\src\\components\\atoms\\Loader.tsx","statementMap":{"0":{"start":{"line":4,"column":15},"end":{"line":8,"column":1}},"1":{"start":{"line":5,"column":2},"end":{"line":7,"column":4}}},"fnMap":{"0":{"name":"(anonymous_0)","decl":{"start":{"line":4,"column":15},"end":{"line":4,"column":16}},"loc":{"start":{"line":4,"column":21},"end":{"line":8,"column":1}},"line":4}},"branchMap":{},"s":{"0":1,"1":0},"f":{"0":0},"b":{},"_coverageSchema":"1a1c01bbd47fc00a2c39e90264f33305004495a9","hash":"a3f1f1324d0a88e9d78249444b49f6962caac6cc"}
,"C:\\Users\\juan.medina\\Documents\\dale\\actividad-01\\rn-login\\rnlogin\\src\\components\\atoms\\ScrollViewA.tsx": {"path":"C:\\Users\\juan.medina\\Documents\\dale\\actividad-01\\rn-login\\rnlogin\\src\\components\\atoms\\ScrollViewA.tsx","statementMap":{"0":{"start":{"line":3,"column":27},"end":{"line":8,"column":1}}},"fnMap":{},"branchMap":{},"s":{"0":1},"f":{},"b":{},"_coverageSchema":"1a1c01bbd47fc00a2c39e90264f33305004495a9","hash":"cbbe8430390099a178b9f71b6fdc40b43bdd31c3"}
,"C:\\Users\\juan.medina\\Documents\\dale\\actividad-01\\rn-login\\rnlogin\\src\\components\\atoms\\TextA.tsx": {"path":"C:\\Users\\juan.medina\\Documents\\dale\\actividad-01\\rn-login\\rnlogin\\src\\components\\atoms\\TextA.tsx","statementMap":{"0":{"start":{"line":3,"column":21},"end":{"line":7,"column":1}}},"fnMap":{},"branchMap":{},"s":{"0":2},"f":{},"b":{},"_coverageSchema":"1a1c01bbd47fc00a2c39e90264f33305004495a9","hash":"d3e584ec0f3e35a20520ee23f12085deac0d36a3"}
,"C:\\Users\\juan.medina\\Documents\\dale\\actividad-01\\rn-login\\rnlogin\\src\\components\\atoms\\TextErrorLabel.tsx": {"path":"C:\\Users\\juan.medina\\Documents\\dale\\actividad-01\\rn-login\\rnlogin\\src\\components\\atoms\\TextErrorLabel.tsx","statementMap":{"0":{"start":{"line":3,"column":30},"end":{"line":7,"column":1}}},"fnMap":{},"branchMap":{},"s":{"0":2},"f":{},"b":{},"_coverageSchema":"1a1c01bbd47fc00a2c39e90264f33305004495a9","hash":"418cb6c7db25f29b8cb9568e0332929e41998cec"}
,"C:\\Users\\juan.medina\\Documents\\dale\\actividad-01\\rn-login\\rnlogin\\src\\components\\atoms\\TextInputA.tsx": {"path":"C:\\Users\\juan.medina\\Documents\\dale\\actividad-01\\rn-login\\rnlogin\\src\\components\\atoms\\TextInputA.tsx","statementMap":{"0":{"start":{"line":26,"column":19},"end":{"line":57,"column":1}},"1":{"start":{"line":40,"column":2},"end":{"line":56,"column":4}},"2":{"start":{"line":51,"column":29},"end":{"line":51,"column":44}}},"fnMap":{"0":{"name":"(anonymous_0)","decl":{"start":{"line":26,"column":19},"end":{"line":26,"column":20}},"loc":{"start":{"line":39,"column":22},"end":{"line":57,"column":1}},"line":39},"1":{"name":"(anonymous_1)","decl":{"start":{"line":51,"column":20},"end":{"line":51,"column":21}},"loc":{"start":{"line":51,"column":29},"end":{"line":51,"column":44}},"line":51}},"branchMap":{"0":{"loc":{"start":{"line":29,"column":2},"end":{"line":29,"column":32}},"type":"default-arg","locations":[{"start":{"line":29,"column":17},"end":{"line":29,"column":32}}],"line":29},"1":{"loc":{"start":{"line":30,"column":2},"end":{"line":30,"column":49}},"type":"default-arg","locations":[{"start":{"line":30,"column":25},"end":{"line":30,"column":49}}],"line":30},"2":{"loc":{"start":{"line":31,"column":2},"end":{"line":31,"column":33}},"type":"default-arg","locations":[{"start":{"line":31,"column":26},"end":{"line":31,"column":33}}],"line":31},"3":{"loc":{"start":{"line":32,"column":2},"end":{"line":32,"column":26}},"type":"default-arg","locations":[{"start":{"line":32,"column":19},"end":{"line":32,"column":26}}],"line":32},"4":{"loc":{"start":{"line":33,"column":2},"end":{"line":33,"column":25}},"type":"default-arg","locations":[{"start":{"line":33,"column":19},"end":{"line":33,"column":25}}],"line":33},"5":{"loc":{"start":{"line":34,"column":2},"end":{"line":34,"column":25}},"type":"default-arg","locations":[{"start":{"line":34,"column":20},"end":{"line":34,"column":25}}],"line":34},"6":{"loc":{"start":{"line":35,"column":2},"end":{"line":35,"column":16}},"type":"default-arg","locations":[{"start":{"line":35,"column":14},"end":{"line":35,"column":16}}],"line":35},"7":{"loc":{"start":{"line":36,"column":2},"end":{"line":36,"column":23}},"type":"default-arg","locations":[{"start":{"line":36,"column":16},"end":{"line":36,"column":23}}],"line":36}},"s":{"0":2,"1":14,"2":3},"f":{"0":14,"1":3},"b":{"0":[14],"1":[14],"2":[14],"3":[14],"4":[14],"5":[14],"6":[14],"7":[14]},"_coverageSchema":"1a1c01bbd47fc00a2c39e90264f33305004495a9","hash":"24de6204fd5e465e3bdff0bfe0309ca533b962f6"}
,"C:\\Users\\juan.medina\\Documents\\dale\\actividad-01\\rn-login\\rnlogin\\src\\components\\atoms\\TextTitle.tsx": {"path":"C:\\Users\\juan.medina\\Documents\\dale\\actividad-01\\rn-login\\rnlogin\\src\\components\\atoms\\TextTitle.tsx","statementMap":{"0":{"start":{"line":3,"column":25},"end":{"line":8,"column":1}}},"fnMap":{},"branchMap":{},"s":{"0":3},"f":{},"b":{},"_coverageSchema":"1a1c01bbd47fc00a2c39e90264f33305004495a9","hash":"5b1347efbc0dbf549d8aa3831ec337c1458ba21f"}
,"C:\\Users\\juan.medina\\Documents\\dale\\actividad-01\\rn-login\\rnlogin\\src\\components\\molecules\\LoginButtons.tsx": {"path":"C:\\Users\\juan.medina\\Documents\\dale\\actividad-01\\rn-login\\rnlogin\\src\\components\\molecules\\LoginButtons.tsx","statementMap":{"0":{"start":{"line":5,"column":20},"end":{"line":9,"column":1}},"1":{"start":{"line":16,"column":21},"end":{"line":27,"column":1}},"2":{"start":{"line":17,"column":2},"end":{"line":26,"column":4}}},"fnMap":{"0":{"name":"(anonymous_0)","decl":{"start":{"line":16,"column":21},"end":{"line":16,"column":22}},"loc":{"start":{"line":16,"column":73},"end":{"line":27,"column":1}},"line":16}},"branchMap":{},"s":{"0":1,"1":1,"2":2},"f":{"0":2},"b":{},"_coverageSchema":"1a1c01bbd47fc00a2c39e90264f33305004495a9","hash":"9513c7549bd6aac0548b8a7929be648535dda752"}
,"C:\\Users\\juan.medina\\Documents\\dale\\actividad-01\\rn-login\\rnlogin\\src\\components\\molecules\\RegisterButtons.tsx": {"path":"C:\\Users\\juan.medina\\Documents\\dale\\actividad-01\\rn-login\\rnlogin\\src\\components\\molecules\\RegisterButtons.tsx","statementMap":{"0":{"start":{"line":5,"column":20},"end":{"line":9,"column":1}},"1":{"start":{"line":16,"column":24},"end":{"line":27,"column":1}},"2":{"start":{"line":17,"column":2},"end":{"line":26,"column":4}}},"fnMap":{"0":{"name":"(anonymous_0)","decl":{"start":{"line":16,"column":24},"end":{"line":16,"column":25}},"loc":{"start":{"line":16,"column":77},"end":{"line":27,"column":1}},"line":16}},"branchMap":{},"s":{"0":1,"1":1,"2":2},"f":{"0":2},"b":{},"_coverageSchema":"1a1c01bbd47fc00a2c39e90264f33305004495a9","hash":"6878653b0683480ea1c82ede2bb9a92693f29bd3"}
,"C:\\Users\\juan.medina\\Documents\\dale\\actividad-01\\rn-login\\rnlogin\\src\\components\\organisms\\TextInputsLogin.tsx": {"path":"C:\\Users\\juan.medina\\Documents\\dale\\actividad-01\\rn-login\\rnlogin\\src\\components\\organisms\\TextInputsLogin.tsx","statementMap":{"0":{"start":{"line":12,"column":24},"end":{"line":73,"column":1}},"1":{"start":{"line":13,"column":21},"end":{"line":13,"column":35}},"2":{"start":{"line":14,"column":28},"end":{"line":14,"column":43}},"3":{"start":{"line":15,"column":48},"end":{"line":15,"column":63}},"4":{"start":{"line":16,"column":30},"end":{"line":16,"column":42}},"5":{"start":{"line":17,"column":38},"end":{"line":17,"column":50}},"6":{"start":{"line":18,"column":27},"end":{"line":18,"column":71}},"7":{"start":{"line":18,"column":58},"end":{"line":18,"column":60}},"8":{"start":{"line":20,"column":24},"end":{"line":24,"column":3}},"9":{"start":{"line":21,"column":4},"end":{"line":21,"column":21}},"10":{"start":{"line":22,"column":4},"end":{"line":22,"column":40}},"11":{"start":{"line":26,"column":27},"end":{"line":29,"column":3}},"12":{"start":{"line":27,"column":4},"end":{"line":27,"column":28}},"13":{"start":{"line":28,"column":4},"end":{"line":28,"column":46}},"14":{"start":{"line":30,"column":2},"end":{"line":72,"column":4}},"15":{"start":{"line":37,"column":23},"end":{"line":37,"column":37}},"16":{"start":{"line":60,"column":31},"end":{"line":60,"column":54}},"17":{"start":{"line":64,"column":23},"end":{"line":64,"column":47}}},"fnMap":{"0":{"name":"(anonymous_0)","decl":{"start":{"line":12,"column":24},"end":{"line":12,"column":25}},"loc":{"start":{"line":12,"column":30},"end":{"line":73,"column":1}},"line":12},"1":{"name":"(anonymous_1)","decl":{"start":{"line":18,"column":52},"end":{"line":18,"column":53}},"loc":{"start":{"line":18,"column":58},"end":{"line":18,"column":60}},"line":18},"2":{"name":"(anonymous_2)","decl":{"start":{"line":20,"column":24},"end":{"line":20,"column":25}},"loc":{"start":{"line":20,"column":43},"end":{"line":24,"column":3}},"line":20},"3":{"name":"(anonymous_3)","decl":{"start":{"line":26,"column":27},"end":{"line":26,"column":28}},"loc":{"start":{"line":26,"column":49},"end":{"line":29,"column":3}},"line":26},"4":{"name":"(anonymous_4)","decl":{"start":{"line":37,"column":17},"end":{"line":37,"column":18}},"loc":{"start":{"line":37,"column":23},"end":{"line":37,"column":37}},"line":37},"5":{"name":"(anonymous_5)","decl":{"start":{"line":60,"column":22},"end":{"line":60,"column":23}},"loc":{"start":{"line":60,"column":31},"end":{"line":60,"column":54}},"line":60},"6":{"name":"(anonymous_6)","decl":{"start":{"line":64,"column":17},"end":{"line":64,"column":18}},"loc":{"start":{"line":64,"column":23},"end":{"line":64,"column":47}},"line":64}},"branchMap":{"0":{"loc":{"start":{"line":18,"column":27},"end":{"line":18,"column":71}},"type":"cond-expr","locations":[{"start":{"line":18,"column":52},"end":{"line":18,"column":60}},{"start":{"line":18,"column":63},"end":{"line":18,"column":71}}],"line":18},"1":{"loc":{"start":{"line":40,"column":10},"end":{"line":40,"column":60}},"type":"binary-expr","locations":[{"start":{"line":40,"column":10},"end":{"line":40,"column":31}},{"start":{"line":40,"column":35},"end":{"line":40,"column":60}}],"line":40},"2":{"loc":{"start":{"line":43,"column":7},"end":{"line":47,"column":7}},"type":"cond-expr","locations":[{"start":{"line":44,"column":8},"end":{"line":44,"column":73}},{"start":{"line":46,"column":8},"end":{"line":46,"column":13}}],"line":43},"3":{"loc":{"start":{"line":43,"column":7},"end":{"line":43,"column":39}},"type":"binary-expr","locations":[{"start":{"line":43,"column":7},"end":{"line":43,"column":30}},{"start":{"line":43,"column":34},"end":{"line":43,"column":39}}],"line":43},"4":{"loc":{"start":{"line":57,"column":10},"end":{"line":57,"column":60}},"type":"binary-expr","locations":[{"start":{"line":57,"column":10},"end":{"line":57,"column":31}},{"start":{"line":57,"column":35},"end":{"line":57,"column":60}}],"line":57},"5":{"loc":{"start":{"line":66,"column":7},"end":{"line":70,"column":7}},"type":"cond-expr","locations":[{"start":{"line":67,"column":8},"end":{"line":67,"column":73}},{"start":{"line":69,"column":8},"end":{"line":69,"column":13}}],"line":66},"6":{"loc":{"start":{"line":66,"column":7},"end":{"line":66,"column":53}},"type":"binary-expr","locations":[{"start":{"line":66,"column":7},"end":{"line":66,"column":34}},{"start":{"line":66,"column":38},"end":{"line":66,"column":53}}],"line":66}},"s":{"0":1,"1":4,"2":4,"3":4,"4":4,"5":4,"6":4,"7":2,"8":4,"9":1,"10":1,"11":4,"12":1,"13":1,"14":4,"15":0,"16":1,"17":0},"f":{"0":4,"1":2,"2":1,"3":1,"4":0,"5":1,"6":0},"b":{"0":[4,0],"1":[4,4],"2":[0,4],"3":[4,2],"4":[4,4],"5":[0,4],"6":[4,3]},"_coverageSchema":"1a1c01bbd47fc00a2c39e90264f33305004495a9","hash":"40a1698cd0045bdb138d1e043f41a6f40079abe6"}
,"C:\\Users\\juan.medina\\Documents\\dale\\actividad-01\\rn-login\\rnlogin\\src\\components\\organisms\\TextInputsRegister.tsx": {"path":"C:\\Users\\juan.medina\\Documents\\dale\\actividad-01\\rn-login\\rnlogin\\src\\components\\organisms\\TextInputsRegister.tsx","statementMap":{"0":{"start":{"line":13,"column":27},"end":{"line":96,"column":1}},"1":{"start":{"line":14,"column":21},"end":{"line":14,"column":35}},"2":{"start":{"line":15,"column":44},"end":{"line":15,"column":59}},"3":{"start":{"line":16,"column":40},"end":{"line":16,"column":55}},"4":{"start":{"line":17,"column":36},"end":{"line":17,"column":51}},"5":{"start":{"line":18,"column":30},"end":{"line":18,"column":42}},"6":{"start":{"line":19,"column":38},"end":{"line":19,"column":50}},"7":{"start":{"line":20,"column":30},"end":{"line":20,"column":42}},"8":{"start":{"line":21,"column":27},"end":{"line":21,"column":71}},"9":{"start":{"line":21,"column":58},"end":{"line":21,"column":60}},"10":{"start":{"line":24,"column":23},"end":{"line":27,"column":3}},"11":{"start":{"line":25,"column":4},"end":{"line":25,"column":20}},"12":{"start":{"line":26,"column":5},"end":{"line":26,"column":39}},"13":{"start":{"line":29,"column":24},"end":{"line":32,"column":3}},"14":{"start":{"line":30,"column":4},"end":{"line":30,"column":21}},"15":{"start":{"line":31,"column":4},"end":{"line":31,"column":40}},"16":{"start":{"line":34,"column":27},"end":{"line":37,"column":3}},"17":{"start":{"line":35,"column":4},"end":{"line":35,"column":28}},"18":{"start":{"line":36,"column":4},"end":{"line":36,"column":46}},"19":{"start":{"line":38,"column":2},"end":{"line":95,"column":4}},"20":{"start":{"line":45,"column":23},"end":{"line":45,"column":41}},"21":{"start":{"line":60,"column":23},"end":{"line":60,"column":43}},"22":{"start":{"line":82,"column":23},"end":{"line":82,"column":45}},"23":{"start":{"line":84,"column":31},"end":{"line":84,"column":54}}},"fnMap":{"0":{"name":"(anonymous_0)","decl":{"start":{"line":13,"column":27},"end":{"line":13,"column":28}},"loc":{"start":{"line":13,"column":33},"end":{"line":96,"column":1}},"line":13},"1":{"name":"(anonymous_1)","decl":{"start":{"line":21,"column":52},"end":{"line":21,"column":53}},"loc":{"start":{"line":21,"column":58},"end":{"line":21,"column":60}},"line":21},"2":{"name":"(anonymous_2)","decl":{"start":{"line":24,"column":23},"end":{"line":24,"column":24}},"loc":{"start":{"line":24,"column":41},"end":{"line":27,"column":3}},"line":24},"3":{"name":"(anonymous_3)","decl":{"start":{"line":29,"column":24},"end":{"line":29,"column":25}},"loc":{"start":{"line":29,"column":43},"end":{"line":32,"column":3}},"line":29},"4":{"name":"(anonymous_4)","decl":{"start":{"line":34,"column":27},"end":{"line":34,"column":28}},"loc":{"start":{"line":34,"column":49},"end":{"line":37,"column":3}},"line":34},"5":{"name":"(anonymous_5)","decl":{"start":{"line":45,"column":17},"end":{"line":45,"column":18}},"loc":{"start":{"line":45,"column":23},"end":{"line":45,"column":41}},"line":45},"6":{"name":"(anonymous_6)","decl":{"start":{"line":60,"column":17},"end":{"line":60,"column":18}},"loc":{"start":{"line":60,"column":23},"end":{"line":60,"column":43}},"line":60},"7":{"name":"(anonymous_7)","decl":{"start":{"line":82,"column":17},"end":{"line":82,"column":18}},"loc":{"start":{"line":82,"column":23},"end":{"line":82,"column":45}},"line":82},"8":{"name":"(anonymous_8)","decl":{"start":{"line":84,"column":22},"end":{"line":84,"column":23}},"loc":{"start":{"line":84,"column":31},"end":{"line":84,"column":54}},"line":84}},"branchMap":{"0":{"loc":{"start":{"line":21,"column":27},"end":{"line":21,"column":71}},"type":"cond-expr","locations":[{"start":{"line":21,"column":52},"end":{"line":21,"column":60}},{"start":{"line":21,"column":63},"end":{"line":21,"column":71}}],"line":21},"1":{"loc":{"start":{"line":48,"column":10},"end":{"line":48,"column":60}},"type":"binary-expr","locations":[{"start":{"line":48,"column":10},"end":{"line":48,"column":31}},{"start":{"line":48,"column":35},"end":{"line":48,"column":60}}],"line":48},"2":{"loc":{"start":{"line":51,"column":7},"end":{"line":55,"column":7}},"type":"cond-expr","locations":[{"start":{"line":52,"column":8},"end":{"line":52,"column":73}},{"start":{"line":54,"column":8},"end":{"line":54,"column":13}}],"line":51},"3":{"loc":{"start":{"line":51,"column":7},"end":{"line":51,"column":43}},"type":"binary-expr","locations":[{"start":{"line":51,"column":7},"end":{"line":51,"column":30}},{"start":{"line":51,"column":34},"end":{"line":51,"column":43}}],"line":51},"4":{"loc":{"start":{"line":63,"column":10},"end":{"line":63,"column":60}},"type":"binary-expr","locations":[{"start":{"line":63,"column":10},"end":{"line":63,"column":31}},{"start":{"line":63,"column":35},"end":{"line":63,"column":60}}],"line":63},"5":{"loc":{"start":{"line":66,"column":7},"end":{"line":70,"column":7}},"type":"cond-expr","locations":[{"start":{"line":67,"column":8},"end":{"line":67,"column":73}},{"start":{"line":69,"column":8},"end":{"line":69,"column":13}}],"line":66},"6":{"loc":{"start":{"line":66,"column":7},"end":{"line":66,"column":45}},"type":"binary-expr","locations":[{"start":{"line":66,"column":7},"end":{"line":66,"column":30}},{"start":{"line":66,"column":34},"end":{"line":66,"column":45}}],"line":66},"7":{"loc":{"start":{"line":80,"column":10},"end":{"line":80,"column":60}},"type":"binary-expr","locations":[{"start":{"line":80,"column":10},"end":{"line":80,"column":31}},{"start":{"line":80,"column":35},"end":{"line":80,"column":60}}],"line":80},"8":{"loc":{"start":{"line":89,"column":7},"end":{"line":93,"column":7}},"type":"cond-expr","locations":[{"start":{"line":90,"column":8},"end":{"line":90,"column":73}},{"start":{"line":92,"column":8},"end":{"line":92,"column":13}}],"line":89},"9":{"loc":{"start":{"line":89,"column":7},"end":{"line":89,"column":51}},"type":"binary-expr","locations":[{"start":{"line":89,"column":7},"end":{"line":89,"column":34}},{"start":{"line":89,"column":38},"end":{"line":89,"column":51}}],"line":89}},"s":{"0":1,"1":5,"2":5,"3":5,"4":5,"5":5,"6":5,"7":5,"8":5,"9":3,"10":5,"11":1,"12":1,"13":5,"14":1,"15":1,"16":5,"17":1,"18":1,"19":5,"20":0,"21":0,"22":0,"23":1},"f":{"0":5,"1":3,"2":1,"3":1,"4":1,"5":0,"6":0,"7":0,"8":1},"b":{"0":[5,0],"1":[5,5],"2":[0,5],"3":[5,4],"4":[5,5],"5":[0,5],"6":[5,2],"7":[5,5],"8":[0,5],"9":[5,3]},"_coverageSchema":"1a1c01bbd47fc00a2c39e90264f33305004495a9","hash":"a4f397bf12c8741637a291f376068136439293c4"}
,"C:\\Users\\juan.medina\\Documents\\dale\\actividad-01\\rn-login\\rnlogin\\src\\components\\pages\\HomePage.tsx": {"path":"C:\\Users\\juan.medina\\Documents\\dale\\actividad-01\\rn-login\\rnlogin\\src\\components\\pages\\HomePage.tsx","statementMap":{"0":{"start":{"line":14,"column":17},"end":{"line":37,"column":1}},"1":{"start":{"line":15,"column":37},"end":{"line":15,"column":51}},"2":{"start":{"line":16,"column":15},"end":{"line":16,"column":70}},"3":{"start":{"line":17,"column":19},"end":{"line":21,"column":3}},"4":{"start":{"line":18,"column":4},"end":{"line":18,"column":13}},"5":{"start":{"line":20,"column":4},"end":{"line":20,"column":59}},"6":{"start":{"line":23,"column":2},"end":{"line":27,"column":15}},"7":{"start":{"line":24,"column":4},"end":{"line":26,"column":5}},"8":{"start":{"line":25,"column":6},"end":{"line":25,"column":40}},"9":{"start":{"line":29,"column":2},"end":{"line":36,"column":4}}},"fnMap":{"0":{"name":"(anonymous_0)","decl":{"start":{"line":14,"column":17},"end":{"line":14,"column":18}},"loc":{"start":{"line":14,"column":42},"end":{"line":37,"column":1}},"line":14},"1":{"name":"(anonymous_1)","decl":{"start":{"line":17,"column":19},"end":{"line":17,"column":20}},"loc":{"start":{"line":17,"column":25},"end":{"line":21,"column":3}},"line":17},"2":{"name":"(anonymous_2)","decl":{"start":{"line":23,"column":12},"end":{"line":23,"column":13}},"loc":{"start":{"line":23,"column":18},"end":{"line":27,"column":3}},"line":23}},"branchMap":{"0":{"loc":{"start":{"line":16,"column":15},"end":{"line":16,"column":70}},"type":"cond-expr","locations":[{"start":{"line":16,"column":46},"end":{"line":16,"column":53}},{"start":{"line":16,"column":56},"end":{"line":16,"column":70}}],"line":16},"1":{"loc":{"start":{"line":20,"column":11},"end":{"line":20,"column":58}},"type":"cond-expr","locations":[{"start":{"line":20,"column":40},"end":{"line":20,"column":50}},{"start":{"line":20,"column":53},"end":{"line":20,"column":58}}],"line":20},"2":{"loc":{"start":{"line":24,"column":4},"end":{"line":26,"column":5}},"type":"if","locations":[{"start":{"line":24,"column":4},"end":{"line":26,"column":5}},{"start":{},"end":{}}],"line":24}},"s":{"0":1,"1":2,"2":2,"3":2,"4":1,"5":1,"6":2,"7":2,"8":2,"9":2},"f":{"0":2,"1":1,"2":2},"b":{"0":[1,1],"1":[0,1],"2":[2,0]},"_coverageSchema":"1a1c01bbd47fc00a2c39e90264f33305004495a9","hash":"d4eb27ecef714e4d269c80ef839c61d0b5770f1f"}
,"C:\\Users\\juan.medina\\Documents\\dale\\actividad-01\\rn-login\\rnlogin\\src\\components\\pages\\LoginPage.tsx": {"path":"C:\\Users\\juan.medina\\Documents\\dale\\actividad-01\\rn-login\\rnlogin\\src\\components\\pages\\LoginPage.tsx","statementMap":{"0":{"start":{"line":13,"column":18},"end":{"line":49,"column":1}},"1":{"start":{"line":14,"column":89},"end":{"line":14,"column":103}},"2":{"start":{"line":15,"column":21},"end":{"line":15,"column":83}},"3":{"start":{"line":16,"column":15},"end":{"line":16,"column":63}},"4":{"start":{"line":17,"column":17},"end":{"line":17,"column":71}},"5":{"start":{"line":19,"column":2},"end":{"line":33,"column":21}},"6":{"start":{"line":20,"column":4},"end":{"line":20,"column":66}},"7":{"start":{"line":21,"column":4},"end":{"line":23,"column":5}},"8":{"start":{"line":22,"column":6},"end":{"line":22,"column":13}},"9":{"start":{"line":25,"column":4},"end":{"line":32,"column":5}},"10":{"start":{"line":26,"column":6},"end":{"line":31,"column":9}},"11":{"start":{"line":35,"column":22},"end":{"line":38,"column":3}},"12":{"start":{"line":36,"column":4},"end":{"line":36,"column":23}},"13":{"start":{"line":37,"column":4},"end":{"line":37,"column":31}},"14":{"start":{"line":40,"column":2},"end":{"line":48,"column":4}},"15":{"start":{"line":45,"column":31},"end":{"line":45,"column":66}}},"fnMap":{"0":{"name":"(anonymous_0)","decl":{"start":{"line":13,"column":18},"end":{"line":13,"column":19}},"loc":{"start":{"line":13,"column":43},"end":{"line":49,"column":1}},"line":13},"1":{"name":"(anonymous_1)","decl":{"start":{"line":19,"column":12},"end":{"line":19,"column":13}},"loc":{"start":{"line":19,"column":18},"end":{"line":33,"column":3}},"line":19},"2":{"name":"(anonymous_2)","decl":{"start":{"line":35,"column":22},"end":{"line":35,"column":23}},"loc":{"start":{"line":35,"column":28},"end":{"line":38,"column":3}},"line":35},"3":{"name":"(anonymous_3)","decl":{"start":{"line":45,"column":25},"end":{"line":45,"column":26}},"loc":{"start":{"line":45,"column":31},"end":{"line":45,"column":66}},"line":45}},"branchMap":{"0":{"loc":{"start":{"line":15,"column":21},"end":{"line":15,"column":83}},"type":"cond-expr","locations":[{"start":{"line":15,"column":58},"end":{"line":15,"column":60}},{"start":{"line":15,"column":63},"end":{"line":15,"column":83}}],"line":15},"1":{"loc":{"start":{"line":16,"column":15},"end":{"line":16,"column":63}},"type":"cond-expr","locations":[{"start":{"line":16,"column":45},"end":{"line":16,"column":47}},{"start":{"line":16,"column":50},"end":{"line":16,"column":63}}],"line":16},"2":{"loc":{"start":{"line":17,"column":17},"end":{"line":17,"column":71}},"type":"cond-expr","locations":[{"start":{"line":17,"column":50},"end":{"line":17,"column":52}},{"start":{"line":17,"column":55},"end":{"line":17,"column":71}}],"line":17},"3":{"loc":{"start":{"line":20,"column":19},"end":{"line":20,"column":65}},"type":"cond-expr","locations":[{"start":{"line":20,"column":48},"end":{"line":20,"column":50}},{"start":{"line":20,"column":53},"end":{"line":20,"column":65}}],"line":20},"4":{"loc":{"start":{"line":21,"column":4},"end":{"line":23,"column":5}},"type":"if","locations":[{"start":{"line":21,"column":4},"end":{"line":23,"column":5}},{"start":{},"end":{}}],"line":21},"5":{"loc":{"start":{"line":25,"column":4},"end":{"line":32,"column":5}},"type":"if","locations":[{"start":{"line":25,"column":4},"end":{"line":32,"column":5}},{"start":{},"end":{}}],"line":25}},"s":{"0":1,"1":2,"2":2,"3":2,"4":2,"5":2,"6":2,"7":2,"8":1,"9":1,"10":1,"11":2,"12":1,"13":1,"14":2,"15":1},"f":{"0":2,"1":2,"2":1,"3":1},"b":{"0":[1,1],"1":[1,1],"2":[1,1],"3":[0,2],"4":[1,1],"5":[1,0]},"_coverageSchema":"1a1c01bbd47fc00a2c39e90264f33305004495a9","hash":"38da7cff4be9ed85733b4f4aead786d605fe6ed4"}
,"C:\\Users\\juan.medina\\Documents\\dale\\actividad-01\\rn-login\\rnlogin\\src\\components\\pages\\RegisterPage.tsx": {"path":"C:\\Users\\juan.medina\\Documents\\dale\\actividad-01\\rn-login\\rnlogin\\src\\components\\pages\\RegisterPage.tsx","statementMap":{"0":{"start":{"line":13,"column":28},"end":{"line":76,"column":1}},"1":{"start":{"line":21,"column":6},"end":{"line":21,"column":20}},"2":{"start":{"line":22,"column":15},"end":{"line":22,"column":61}},"3":{"start":{"line":24,"column":4},"end":{"line":24,"column":66}},"4":{"start":{"line":25,"column":15},"end":{"line":25,"column":63}},"5":{"start":{"line":26,"column":17},"end":{"line":26,"column":71}},"6":{"start":{"line":28,"column":2},"end":{"line":50,"column":21}},"7":{"start":{"line":29,"column":4},"end":{"line":29,"column":66}},"8":{"start":{"line":30,"column":4},"end":{"line":32,"column":5}},"9":{"start":{"line":31,"column":6},"end":{"line":31,"column":13}},"10":{"start":{"line":34,"column":4},"end":{"line":42,"column":5}},"11":{"start":{"line":35,"column":6},"end":{"line":40,"column":9}},"12":{"start":{"line":41,"column":6},"end":{"line":41,"column":13}},"13":{"start":{"line":44,"column":4},"end":{"line":49,"column":7}},"14":{"start":{"line":52,"column":21},"end":{"line":59,"column":3}},"15":{"start":{"line":53,"column":4},"end":{"line":53,"column":23}},"16":{"start":{"line":54,"column":4},"end":{"line":58,"column":7}},"17":{"start":{"line":61,"column":2},"end":{"line":75,"column":4}},"18":{"start":{"line":70,"column":34},"end":{"line":70,"column":65}}},"fnMap":{"0":{"name":"(anonymous_0)","decl":{"start":{"line":13,"column":28},"end":{"line":13,"column":29}},"loc":{"start":{"line":13,"column":53},"end":{"line":76,"column":1}},"line":13},"1":{"name":"(anonymous_1)","decl":{"start":{"line":28,"column":12},"end":{"line":28,"column":13}},"loc":{"start":{"line":28,"column":18},"end":{"line":50,"column":3}},"line":28},"2":{"name":"(anonymous_2)","decl":{"start":{"line":52,"column":21},"end":{"line":52,"column":22}},"loc":{"start":{"line":52,"column":27},"end":{"line":59,"column":3}},"line":52},"3":{"name":"(anonymous_3)","decl":{"start":{"line":70,"column":28},"end":{"line":70,"column":29}},"loc":{"start":{"line":70,"column":34},"end":{"line":70,"column":65}},"line":70}},"branchMap":{"0":{"loc":{"start":{"line":22,"column":15},"end":{"line":22,"column":61}},"type":"cond-expr","locations":[{"start":{"line":22,"column":44},"end":{"line":22,"column":46}},{"start":{"line":22,"column":49},"end":{"line":22,"column":61}}],"line":22},"1":{"loc":{"start":{"line":24,"column":4},"end":{"line":24,"column":66}},"type":"cond-expr","locations":[{"start":{"line":24,"column":41},"end":{"line":24,"column":43}},{"start":{"line":24,"column":46},"end":{"line":24,"column":66}}],"line":24},"2":{"loc":{"start":{"line":25,"column":15},"end":{"line":25,"column":63}},"type":"cond-expr","locations":[{"start":{"line":25,"column":45},"end":{"line":25,"column":47}},{"start":{"line":25,"column":50},"end":{"line":25,"column":63}}],"line":25},"3":{"loc":{"start":{"line":26,"column":17},"end":{"line":26,"column":71}},"type":"cond-expr","locations":[{"start":{"line":26,"column":50},"end":{"line":26,"column":52}},{"start":{"line":26,"column":55},"end":{"line":26,"column":71}}],"line":26},"4":{"loc":{"start":{"line":29,"column":19},"end":{"line":29,"column":65}},"type":"cond-expr","locations":[{"start":{"line":29,"column":48},"end":{"line":29,"column":50}},{"start":{"line":29,"column":53},"end":{"line":29,"column":65}}],"line":29},"5":{"loc":{"start":{"line":30,"column":4},"end":{"line":32,"column":5}},"type":"if","locations":[{"start":{"line":30,"column":4},"end":{"line":32,"column":5}},{"start":{},"end":{}}],"line":30},"6":{"loc":{"start":{"line":34,"column":4},"end":{"line":42,"column":5}},"type":"if","locations":[{"start":{"line":34,"column":4},"end":{"line":42,"column":5}},{"start":{},"end":{}}],"line":34},"7":{"loc":{"start":{"line":65,"column":18},"end":{"line":65,"column":62}},"type":"cond-expr","locations":[{"start":{"line":65,"column":42},"end":{"line":65,"column":51}},{"start":{"line":65,"column":54},"end":{"line":65,"column":62}}],"line":65}},"s":{"0":1,"1":2,"2":2,"3":2,"4":2,"5":2,"6":2,"7":2,"8":2,"9":1,"10":1,"11":0,"12":0,"13":1,"14":2,"15":1,"16":1,"17":2,"18":1},"f":{"0":2,"1":2,"2":1,"3":1},"b":{"0":[1,1],"1":[1,1],"2":[1,1],"3":[1,1],"4":[0,2],"5":[1,1],"6":[0,1],"7":[2,0]},"_coverageSchema":"1a1c01bbd47fc00a2c39e90264f33305004495a9","hash":"eef79efc8b9f7a8c8a2a9ee30581bafcc56a98fa"}
,"C:\\Users\\juan.medina\\Documents\\dale\\actividad-01\\rn-login\\rnlogin\\src\\context\\AuthContext.tsx": {"path":"C:\\Users\\juan.medina\\Documents\\dale\\actividad-01\\rn-login\\rnlogin\\src\\context\\AuthContext.tsx","statementMap":{"0":{"start":{"line":53,"column":27},"end":{"line":53,"column":64}},"1":{"start":{"line":55,"column":28},"end":{"line":146,"column":1}},"2":{"start":{"line":56,"column":19},"end":{"line":56,"column":35}},"3":{"start":{"line":57,"column":25},"end":{"line":57,"column":53}},"4":{"start":{"line":58,"column":24},"end":{"line":58,"column":51}},"5":{"start":{"line":59,"column":31},"end":{"line":59,"column":65}},"6":{"start":{"line":60,"column":23},"end":{"line":60,"column":49}},"7":{"start":{"line":61,"column":23},"end":{"line":61,"column":49}},"8":{"start":{"line":62,"column":24},"end":{"line":62,"column":51}},"9":{"start":{"line":63,"column":27},"end":{"line":63,"column":57}},"10":{"start":{"line":65,"column":2},"end":{"line":67,"column":9}},"11":{"start":{"line":66,"column":4},"end":{"line":66,"column":17}},"12":{"start":{"line":69,"column":21},"end":{"line":85,"column":3}},"13":{"start":{"line":70,"column":18},"end":{"line":70,"column":53}},"14":{"start":{"line":73,"column":4},"end":{"line":75,"column":5}},"15":{"start":{"line":74,"column":6},"end":{"line":74,"column":36}},"16":{"start":{"line":78,"column":17},"end":{"line":78,"column":44}},"17":{"start":{"line":79,"column":4},"end":{"line":81,"column":5}},"18":{"start":{"line":80,"column":6},"end":{"line":80,"column":36}},"19":{"start":{"line":83,"column":4},"end":{"line":83,"column":57}},"20":{"start":{"line":84,"column":4},"end":{"line":84,"column":71}},"21":{"start":{"line":87,"column":17},"end":{"line":101,"column":3}},"22":{"start":{"line":88,"column":4},"end":{"line":100,"column":5}},"23":{"start":{"line":89,"column":21},"end":{"line":92,"column":8}},"24":{"start":{"line":93,"column":6},"end":{"line":95,"column":7}},"25":{"start":{"line":94,"column":8},"end":{"line":94,"column":65}},"26":{"start":{"line":97,"column":6},"end":{"line":97,"column":54}},"27":{"start":{"line":99,"column":6},"end":{"line":99,"column":74}},"28":{"start":{"line":103,"column":17},"end":{"line":115,"column":3}},"29":{"start":{"line":104,"column":4},"end":{"line":114,"column":5}},"30":{"start":{"line":105,"column":21},"end":{"line":109,"column":8}},"31":{"start":{"line":110,"column":6},"end":{"line":110,"column":47}},"32":{"start":{"line":111,"column":6},"end":{"line":111,"column":68}},"33":{"start":{"line":113,"column":6},"end":{"line":113,"column":73}},"34":{"start":{"line":117,"column":17},"end":{"line":120,"column":3}},"35":{"start":{"line":118,"column":4},"end":{"line":118,"column":43}},"36":{"start":{"line":119,"column":4},"end":{"line":119,"column":23}},"37":{"start":{"line":122,"column":22},"end":{"line":124,"column":3}},"38":{"start":{"line":123,"column":4},"end":{"line":123,"column":35}},"39":{"start":{"line":126,"column":2},"end":{"line":145,"column":4}},"40":{"start":{"line":148,"column":28},"end":{"line":148,"column":57}},"41":{"start":{"line":148,"column":34},"end":{"line":148,"column":57}}},"fnMap":{"0":{"name":"(anonymous_0)","decl":{"start":{"line":55,"column":28},"end":{"line":55,"column":29}},"loc":{"start":{"line":55,"column":49},"end":{"line":146,"column":1}},"line":55},"1":{"name":"(anonymous_1)","decl":{"start":{"line":65,"column":12},"end":{"line":65,"column":13}},"loc":{"start":{"line":65,"column":18},"end":{"line":67,"column":3}},"line":65},"2":{"name":"(anonymous_2)","decl":{"start":{"line":69,"column":21},"end":{"line":69,"column":22}},"loc":{"start":{"line":69,"column":33},"end":{"line":85,"column":3}},"line":69},"3":{"name":"(anonymous_3)","decl":{"start":{"line":87,"column":17},"end":{"line":87,"column":18}},"loc":{"start":{"line":87,"column":58},"end":{"line":101,"column":3}},"line":87},"4":{"name":"(anonymous_4)","decl":{"start":{"line":103,"column":17},"end":{"line":103,"column":18}},"loc":{"start":{"line":103,"column":69},"end":{"line":115,"column":3}},"line":103},"5":{"name":"(anonymous_5)","decl":{"start":{"line":117,"column":17},"end":{"line":117,"column":18}},"loc":{"start":{"line":117,"column":29},"end":{"line":120,"column":3}},"line":117},"6":{"name":"(anonymous_6)","decl":{"start":{"line":122,"column":22},"end":{"line":122,"column":23}},"loc":{"start":{"line":122,"column":28},"end":{"line":124,"column":3}},"line":122},"7":{"name":"(anonymous_7)","decl":{"start":{"line":148,"column":28},"end":{"line":148,"column":29}},"loc":{"start":{"line":148,"column":34},"end":{"line":148,"column":57}},"line":148}},"branchMap":{"0":{"loc":{"start":{"line":73,"column":4},"end":{"line":75,"column":5}},"type":"if","locations":[{"start":{"line":73,"column":4},"end":{"line":75,"column":5}},{"start":{},"end":{}}],"line":73},"1":{"loc":{"start":{"line":79,"column":4},"end":{"line":81,"column":5}},"type":"if","locations":[{"start":{"line":79,"column":4},"end":{"line":81,"column":5}},{"start":{},"end":{}}],"line":79},"2":{"loc":{"start":{"line":93,"column":6},"end":{"line":95,"column":7}},"type":"if","locations":[{"start":{"line":93,"column":6},"end":{"line":95,"column":7}},{"start":{},"end":{}}],"line":93}},"s":{"0":3,"1":3,"2":0,"3":0,"4":0,"5":0,"6":0,"7":0,"8":0,"9":0,"10":0,"11":0,"12":0,"13":0,"14":0,"15":0,"16":0,"17":0,"18":0,"19":0,"20":0,"21":0,"22":0,"23":0,"24":0,"25":0,"26":0,"27":0,"28":0,"29":0,"30":0,"31":0,"32":0,"33":0,"34":0,"35":0,"36":0,"37":0,"38":0,"39":0,"40":3,"41":15},"f":{"0":0,"1":0,"2":0,"3":0,"4":0,"5":0,"6":0,"7":15},"b":{"0":[0,0],"1":[0,0],"2":[0,0]},"_coverageSchema":"1a1c01bbd47fc00a2c39e90264f33305004495a9","hash":"6012a9212d9ea25c1ed82111a5c2c15a1d93aa71"}
,"C:\\Users\\juan.medina\\Documents\\dale\\actividad-01\\rn-login\\rnlogin\\src\\helper\\validationInput.tsx": {"path":"C:\\Users\\juan.medina\\Documents\\dale\\actividad-01\\rn-login\\rnlogin\\src\\helper\\validationInput.tsx","statementMap":{"0":{"start":{"line":1,"column":31},"end":{"line":6,"column":1}},"1":{"start":{"line":2,"column":4},"end":{"line":4,"column":5}},"2":{"start":{"line":3,"column":8},"end":{"line":3,"column":21}},"3":{"start":{"line":5,"column":4},"end":{"line":5,"column":52}}},"fnMap":{"0":{"name":"(anonymous_0)","decl":{"start":{"line":1,"column":31},"end":{"line":1,"column":32}},"loc":{"start":{"line":1,"column":50},"end":{"line":6,"column":1}},"line":1}},"branchMap":{"0":{"loc":{"start":{"line":2,"column":4},"end":{"line":4,"column":5}},"type":"if","locations":[{"start":{"line":2,"column":4},"end":{"line":4,"column":5}},{"start":{},"end":{}}],"line":2},"1":{"loc":{"start":{"line":5,"column":12},"end":{"line":5,"column":50}},"type":"binary-expr","locations":[{"start":{"line":5,"column":12},"end":{"line":5,"column":30}},{"start":{"line":5,"column":34},"end":{"line":5,"column":50}}],"line":5}},"s":{"0":2,"1":23,"2":0,"3":23},"f":{"0":23},"b":{"0":[0,23],"1":[23,9]},"_coverageSchema":"1a1c01bbd47fc00a2c39e90264f33305004495a9","hash":"b4fc794a605fc0a7ac0eea3a350a6f3545dcb137"}
,"C:\\Users\\juan.medina\\Documents\\dale\\actividad-01\\rn-login\\rnlogin\\src\\hooks\\loginHooks.tsx": {"path":"C:\\Users\\juan.medina\\Documents\\dale\\actividad-01\\rn-login\\rnlogin\\src\\hooks\\loginHooks.tsx","statementMap":{"0":{"start":{"line":5,"column":30},"end":{"line":5,"column":62}},"1":{"start":{"line":5,"column":36},"end":{"line":5,"column":62}},"2":{"start":{"line":6,"column":63},"end":{"line":6,"column":74}}},"fnMap":{"0":{"name":"(anonymous_0)","decl":{"start":{"line":5,"column":30},"end":{"line":5,"column":31}},"loc":{"start":{"line":5,"column":36},"end":{"line":5,"column":62}},"line":5}},"branchMap":{},"s":{"0":3,"1":0,"2":3},"f":{"0":0},"b":{},"_coverageSchema":"1a1c01bbd47fc00a2c39e90264f33305004495a9","hash":"2507ef0343755bff179354d5ba0ddad1ce53ef1b"}
,"C:\\Users\\juan.medina\\Documents\\dale\\actividad-01\\rn-login\\rnlogin\\src\\redux\\slices\\authSlice.tsx": {"path":"C:\\Users\\juan.medina\\Documents\\dale\\actividad-01\\rn-login\\rnlogin\\src\\redux\\slices\\authSlice.tsx","statementMap":{"0":{"start":{"line":15,"column":32},"end":{"line":23,"column":1}},"1":{"start":{"line":25,"column":18},"end":{"line":75,"column":2}},"2":{"start":{"line":30,"column":6},"end":{"line":30,"column":24}},"3":{"start":{"line":31,"column":6},"end":{"line":31,"column":41}},"4":{"start":{"line":32,"column":6},"end":{"line":32,"column":25}},"5":{"start":{"line":33,"column":6},"end":{"line":33,"column":55}},"6":{"start":{"line":36,"column":6},"end":{"line":36,"column":30}},"7":{"start":{"line":39,"column":6},"end":{"line":39,"column":30}},"8":{"start":{"line":40,"column":6},"end":{"line":40,"column":37}},"9":{"start":{"line":41,"column":6},"end":{"line":41,"column":41}},"10":{"start":{"line":42,"column":6},"end":{"line":42,"column":39}},"11":{"start":{"line":45,"column":6},"end":{"line":45,"column":30}},"12":{"start":{"line":46,"column":6},"end":{"line":46,"column":41}},"13":{"start":{"line":47,"column":6},"end":{"line":47,"column":25}},"14":{"start":{"line":48,"column":6},"end":{"line":48,"column":39}},"15":{"start":{"line":51,"column":6},"end":{"line":51,"column":24}},"16":{"start":{"line":52,"column":6},"end":{"line":52,"column":41}},"17":{"start":{"line":53,"column":6},"end":{"line":53,"column":25}},"18":{"start":{"line":54,"column":6},"end":{"line":54,"column":30}},"19":{"start":{"line":57,"column":6},"end":{"line":57,"column":41}},"20":{"start":{"line":58,"column":6},"end":{"line":58,"column":25}},"21":{"start":{"line":59,"column":6},"end":{"line":59,"column":24}},"22":{"start":{"line":62,"column":6},"end":{"line":62,"column":39}},"23":{"start":{"line":65,"column":6},"end":{"line":65,"column":41}},"24":{"start":{"line":68,"column":6},"end":{"line":68,"column":47}},"25":{"start":{"line":71,"column":6},"end":{"line":71,"column":23}},"26":{"start":{"line":72,"column":6},"end":{"line":72,"column":26}},"27":{"start":{"line":88,"column":4},"end":{"line":88,"column":21}},"28":{"start":{"line":90,"column":27},"end":{"line":90,"column":75}},"29":{"start":{"line":90,"column":49},"end":{"line":90,"column":75}},"30":{"start":{"line":91,"column":34},"end":{"line":92,"column":35}},"31":{"start":{"line":92,"column":2},"end":{"line":92,"column":35}},"32":{"start":{"line":93,"column":28},"end":{"line":93,"column":77}},"33":{"start":{"line":93,"column":50},"end":{"line":93,"column":77}},"34":{"start":{"line":94,"column":26},"end":{"line":94,"column":73}},"35":{"start":{"line":94,"column":48},"end":{"line":94,"column":73}},"36":{"start":{"line":95,"column":26},"end":{"line":95,"column":73}},"37":{"start":{"line":95,"column":48},"end":{"line":95,"column":73}},"38":{"start":{"line":96,"column":27},"end":{"line":96,"column":75}},"39":{"start":{"line":96,"column":49},"end":{"line":96,"column":75}},"40":{"start":{"line":97,"column":30},"end":{"line":97,"column":81}},"41":{"start":{"line":97,"column":52},"end":{"line":97,"column":81}}},"fnMap":{"0":{"name":"(anonymous_0)","decl":{"start":{"line":29,"column":21},"end":{"line":29,"column":22}},"loc":{"start":{"line":29,"column":40},"end":{"line":34,"column":5}},"line":29},"1":{"name":"(anonymous_1)","decl":{"start":{"line":35,"column":24},"end":{"line":35,"column":25}},"loc":{"start":{"line":35,"column":33},"end":{"line":37,"column":5}},"line":35},"2":{"name":"(anonymous_2)","decl":{"start":{"line":38,"column":11},"end":{"line":38,"column":12}},"loc":{"start":{"line":38,"column":30},"end":{"line":43,"column":5}},"line":38},"3":{"name":"(anonymous_3)","decl":{"start":{"line":44,"column":14},"end":{"line":44,"column":15}},"loc":{"start":{"line":44,"column":33},"end":{"line":49,"column":5}},"line":44},"4":{"name":"(anonymous_4)","decl":{"start":{"line":50,"column":12},"end":{"line":50,"column":13}},"loc":{"start":{"line":50,"column":21},"end":{"line":55,"column":5}},"line":50},"5":{"name":"(anonymous_5)","decl":{"start":{"line":56,"column":16},"end":{"line":56,"column":17}},"loc":{"start":{"line":56,"column":25},"end":{"line":60,"column":5}},"line":56},"6":{"name":"(anonymous_6)","decl":{"start":{"line":61,"column":13},"end":{"line":61,"column":14}},"loc":{"start":{"line":61,"column":32},"end":{"line":63,"column":5}},"line":61},"7":{"name":"(anonymous_7)","decl":{"start":{"line":64,"column":14},"end":{"line":64,"column":15}},"loc":{"start":{"line":64,"column":33},"end":{"line":66,"column":5}},"line":64},"8":{"name":"(anonymous_8)","decl":{"start":{"line":67,"column":17},"end":{"line":67,"column":18}},"loc":{"start":{"line":67,"column":36},"end":{"line":69,"column":5}},"line":67},"9":{"name":"(anonymous_9)","decl":{"start":{"line":70,"column":18},"end":{"line":70,"column":19}},"loc":{"start":{"line":70,"column":27},"end":{"line":73,"column":5}},"line":70},"10":{"name":"(anonymous_10)","decl":{"start":{"line":90,"column":27},"end":{"line":90,"column":28}},"loc":{"start":{"line":90,"column":49},"end":{"line":90,"column":75}},"line":90},"11":{"name":"(anonymous_11)","decl":{"start":{"line":91,"column":34},"end":{"line":91,"column":35}},"loc":{"start":{"line":92,"column":2},"end":{"line":92,"column":35}},"line":92},"12":{"name":"(anonymous_12)","decl":{"start":{"line":93,"column":28},"end":{"line":93,"column":29}},"loc":{"start":{"line":93,"column":50},"end":{"line":93,"column":77}},"line":93},"13":{"name":"(anonymous_13)","decl":{"start":{"line":94,"column":26},"end":{"line":94,"column":27}},"loc":{"start":{"line":94,"column":48},"end":{"line":94,"column":73}},"line":94},"14":{"name":"(anonymous_14)","decl":{"start":{"line":95,"column":26},"end":{"line":95,"column":27}},"loc":{"start":{"line":95,"column":48},"end":{"line":95,"column":73}},"line":95},"15":{"name":"(anonymous_15)","decl":{"start":{"line":96,"column":27},"end":{"line":96,"column":28}},"loc":{"start":{"line":96,"column":49},"end":{"line":96,"column":75}},"line":96},"16":{"name":"(anonymous_16)","decl":{"start":{"line":97,"column":30},"end":{"line":97,"column":31}},"loc":{"start":{"line":97,"column":52},"end":{"line":97,"column":81}},"line":97}},"branchMap":{},"s":{"0":3,"1":3,"2":0,"3":0,"4":0,"5":0,"6":0,"7":0,"8":0,"9":0,"10":0,"11":0,"12":0,"13":0,"14":0,"15":0,"16":0,"17":0,"18":0,"19":0,"20":0,"21":0,"22":0,"23":0,"24":0,"25":0,"26":0,"27":3,"28":3,"29":0,"30":3,"31":0,"32":3,"33":0,"34":3,"35":0,"36":3,"37":0,"38":3,"39":0,"40":3,"41":0},"f":{"0":0,"1":0,"2":0,"3":0,"4":0,"5":0,"6":0,"7":0,"8":0,"9":0,"10":0,"11":0,"12":0,"13":0,"14":0,"15":0,"16":0},"b":{},"_coverageSchema":"1a1c01bbd47fc00a2c39e90264f33305004495a9","hash":"938b6b7e1f63b4a4a696c4d2abc516d71da4a620"}
,"C:\\Users\\juan.medina\\Documents\\dale\\actividad-01\\rn-login\\rnlogin\\src\\theme\\loginTheme.tsx": {"path":"C:\\Users\\juan.medina\\Documents\\dale\\actividad-01\\rn-login\\rnlogin\\src\\theme\\loginTheme.tsx","statementMap":{"0":{"start":{"line":3,"column":27},"end":{"line":14,"column":2}}},"fnMap":{},"branchMap":{},"s":{"0":2},"f":{},"b":{},"_coverageSchema":"1a1c01bbd47fc00a2c39e90264f33305004495a9","hash":"6ddb4f64823e01d16f9a3d812cb501785070a7fb"}
}
