{"C:\\Users\\juan.medina\\Documents\\dale\\actividad-01\\rn-login\\rnlogin\\src\\api\\loginApi.tsx": {"path":"C:\\Users\\juan.medina\\Documents\\dale\\actividad-01\\rn-login\\rnlogin\\src\\api\\loginApi.tsx","statementMap":{"0":{"start":{"line":5,"column":16},"end":{"line":5,"column":40}},"1":{"start":{"line":7,"column":17},"end":{"line":7,"column":42}},"2":{"start":{"line":9,"column":0},"end":{"line":17,"column":2}},"3":{"start":{"line":11,"column":22},"end":{"line":11,"column":57}},"4":{"start":{"line":12,"column":8},"end":{"line":14,"column":9}},"5":{"start":{"line":13,"column":12},"end":{"line":13,"column":46}},"6":{"start":{"line":15,"column":8},"end":{"line":15,"column":22}}},"fnMap":{"0":{"name":"(anonymous_0)","decl":{"start":{"line":10,"column":4},"end":{"line":10,"column":5}},"loc":{"start":{"line":10,"column":21},"end":{"line":16,"column":5}},"line":10}},"branchMap":{"0":{"loc":{"start":{"line":12,"column":8},"end":{"line":14,"column":9}},"type":"if","locations":[{"start":{"line":12,"column":8},"end":{"line":14,"column":9}},{"start":{},"end":{}}],"line":12}},"s":{"0":1,"1":1,"2":1,"3":0,"4":0,"5":0,"6":0},"f":{"0":0},"b":{"0":[0,0]},"_coverageSchema":"1a1c01bbd47fc00a2c39e90264f33305004495a9","hash":"0049aeba530517fde16e1356782e9fb6547815b0"}
,"C:\\Users\\juan.medina\\Documents\\dale\\actividad-01\\rn-login\\rnlogin\\src\\components\\atoms\\ButtonA.tsx": {"path":"C:\\Users\\juan.medina\\Documents\\dale\\actividad-01\\rn-login\\rnlogin\\src\\components\\atoms\\ButtonA.tsx","statementMap":{"0":{"start":{"line":5,"column":29},"end":{"line":12,"column":1}},"1":{"start":{"line":14,"column":26},"end":{"line":18,"column":1}}},"fnMap":{},"branchMap":{},"s":{"0":1,"1":1},"f":{},"b":{},"_coverageSchema":"1a1c01bbd47fc00a2c39e90264f33305004495a9","hash":"bdc41dd98eb31fb4af14f1f27ea46a77f207d212"}
,"C:\\Users\\juan.medina\\Documents\\dale\\actividad-01\\rn-login\\rnlogin\\src\\components\\atoms\\CenterView.tsx": {"path":"C:\\Users\\juan.medina\\Documents\\dale\\actividad-01\\rn-login\\rnlogin\\src\\components\\atoms\\CenterView.tsx","statementMap":{"0":{"start":{"line":3,"column":26},"end":{"line":8,"column":1}}},"fnMap":{},"branchMap":{},"s":{"0":1},"f":{},"b":{},"_coverageSchema":"1a1c01bbd47fc00a2c39e90264f33305004495a9","hash":"9cdd5daa806c0af65d17c21ba2536346347ff7a9"}
,"C:\\Users\\juan.medina\\Documents\\dale\\actividad-01\\rn-login\\rnlogin\\src\\components\\atoms\\Loader.tsx": {"path":"C:\\Users\\juan.medina\\Documents\\dale\\actividad-01\\rn-login\\rnlogin\\src\\components\\atoms\\Loader.tsx","statementMap":{"0":{"start":{"line":4,"column":15},"end":{"line":8,"column":1}},"1":{"start":{"line":5,"column":2},"end":{"line":7,"column":4}}},"fnMap":{"0":{"name":"(anonymous_0)","decl":{"start":{"line":4,"column":15},"end":{"line":4,"column":16}},"loc":{"start":{"line":4,"column":21},"end":{"line":8,"column":1}},"line":4}},"branchMap":{},"s":{"0":1,"1":0},"f":{"0":0},"b":{},"_coverageSchema":"1a1c01bbd47fc00a2c39e90264f33305004495a9","hash":"a3f1f1324d0a88e9d78249444b49f6962caac6cc"}
,"C:\\Users\\juan.medina\\Documents\\dale\\actividad-01\\rn-login\\rnlogin\\src\\components\\atoms\\TextTitle.tsx": {"path":"C:\\Users\\juan.medina\\Documents\\dale\\actividad-01\\rn-login\\rnlogin\\src\\components\\atoms\\TextTitle.tsx","statementMap":{"0":{"start":{"line":3,"column":25},"end":{"line":8,"column":1}}},"fnMap":{},"branchMap":{},"s":{"0":1},"f":{},"b":{},"_coverageSchema":"1a1c01bbd47fc00a2c39e90264f33305004495a9","hash":"5b1347efbc0dbf549d8aa3831ec337c1458ba21f"}
,"C:\\Users\\juan.medina\\Documents\\dale\\actividad-01\\rn-login\\rnlogin\\src\\components\\pages\\HomePage.tsx": {"path":"C:\\Users\\juan.medina\\Documents\\dale\\actividad-01\\rn-login\\rnlogin\\src\\components\\pages\\HomePage.tsx","statementMap":{"0":{"start":{"line":14,"column":17},"end":{"line":47,"column":1}},"1":{"start":{"line":15,"column":28},"end":{"line":15,"column":42}},"2":{"start":{"line":16,"column":15},"end":{"line":16,"column":44}},"3":{"start":{"line":17,"column":19},"end":{"line":21,"column":3}},"4":{"start":{"line":18,"column":4},"end":{"line":18,"column":13}},"5":{"start":{"line":20,"column":4},"end":{"line":20,"column":59}},"6":{"start":{"line":23,"column":2},"end":{"line":31,"column":9}},"7":{"start":{"line":24,"column":4},"end":{"line":30,"column":7}},"8":{"start":{"line":26,"column":8},"end":{"line":28,"column":24}},"9":{"start":{"line":33,"column":2},"end":{"line":37,"column":15}},"10":{"start":{"line":34,"column":4},"end":{"line":36,"column":5}},"11":{"start":{"line":35,"column":6},"end":{"line":35,"column":40}},"12":{"start":{"line":39,"column":2},"end":{"line":46,"column":4}}},"fnMap":{"0":{"name":"(anonymous_0)","decl":{"start":{"line":14,"column":17},"end":{"line":14,"column":18}},"loc":{"start":{"line":14,"column":42},"end":{"line":47,"column":1}},"line":14},"1":{"name":"(anonymous_1)","decl":{"start":{"line":17,"column":19},"end":{"line":17,"column":20}},"loc":{"start":{"line":17,"column":25},"end":{"line":21,"column":3}},"line":17},"2":{"name":"(anonymous_2)","decl":{"start":{"line":23,"column":12},"end":{"line":23,"column":13}},"loc":{"start":{"line":23,"column":18},"end":{"line":31,"column":3}},"line":23},"3":{"name":"(anonymous_3)","decl":{"start":{"line":25,"column":18},"end":{"line":25,"column":19}},"loc":{"start":{"line":26,"column":8},"end":{"line":28,"column":24}},"line":26},"4":{"name":"(anonymous_4)","decl":{"start":{"line":33,"column":12},"end":{"line":33,"column":13}},"loc":{"start":{"line":33,"column":18},"end":{"line":37,"column":3}},"line":33}},"branchMap":{"0":{"loc":{"start":{"line":16,"column":15},"end":{"line":16,"column":44}},"type":"binary-expr","locations":[{"start":{"line":16,"column":15},"end":{"line":16,"column":20}},{"start":{"line":16,"column":24},"end":{"line":16,"column":44}}],"line":16},"1":{"loc":{"start":{"line":20,"column":11},"end":{"line":20,"column":58}},"type":"cond-expr","locations":[{"start":{"line":20,"column":40},"end":{"line":20,"column":50}},{"start":{"line":20,"column":53},"end":{"line":20,"column":58}}],"line":20},"2":{"loc":{"start":{"line":34,"column":4},"end":{"line":36,"column":5}},"type":"if","locations":[{"start":{"line":34,"column":4},"end":{"line":36,"column":5}},{"start":{},"end":{}}],"line":34}},"s":{"0":1,"1":1,"2":1,"3":1,"4":0,"5":0,"6":1,"7":1,"8":0,"9":1,"10":1,"11":1,"12":1},"f":{"0":1,"1":0,"2":1,"3":0,"4":1},"b":{"0":[1,0],"1":[0,0],"2":[1,0]},"_coverageSchema":"1a1c01bbd47fc00a2c39e90264f33305004495a9","hash":"7b07b9f9d8bdb1b3143cdb70540eb728e95dad41"}
,"C:\\Users\\juan.medina\\Documents\\dale\\actividad-01\\rn-login\\rnlogin\\src\\context\\AuthContext.tsx": {"path":"C:\\Users\\juan.medina\\Documents\\dale\\actividad-01\\rn-login\\rnlogin\\src\\context\\AuthContext.tsx","statementMap":{"0":{"start":{"line":48,"column":27},"end":{"line":48,"column":64}},"1":{"start":{"line":50,"column":28},"end":{"line":147,"column":1}},"2":{"start":{"line":51,"column":19},"end":{"line":51,"column":35}},"3":{"start":{"line":52,"column":25},"end":{"line":52,"column":53}},"4":{"start":{"line":53,"column":24},"end":{"line":53,"column":51}},"5":{"start":{"line":54,"column":31},"end":{"line":54,"column":65}},"6":{"start":{"line":55,"column":23},"end":{"line":55,"column":49}},"7":{"start":{"line":56,"column":23},"end":{"line":56,"column":49}},"8":{"start":{"line":57,"column":24},"end":{"line":57,"column":51}},"9":{"start":{"line":58,"column":27},"end":{"line":58,"column":57}},"10":{"start":{"line":59,"column":16},"end":{"line":71,"column":3}},"11":{"start":{"line":60,"column":11},"end":{"line":69,"column":5}},"12":{"start":{"line":73,"column":2},"end":{"line":75,"column":9}},"13":{"start":{"line":74,"column":4},"end":{"line":74,"column":17}},"14":{"start":{"line":77,"column":21},"end":{"line":93,"column":3}},"15":{"start":{"line":78,"column":18},"end":{"line":78,"column":53}},"16":{"start":{"line":81,"column":4},"end":{"line":83,"column":5}},"17":{"start":{"line":82,"column":6},"end":{"line":82,"column":33}},"18":{"start":{"line":86,"column":17},"end":{"line":86,"column":44}},"19":{"start":{"line":87,"column":4},"end":{"line":89,"column":5}},"20":{"start":{"line":88,"column":6},"end":{"line":88,"column":33}},"21":{"start":{"line":91,"column":4},"end":{"line":91,"column":57}},"22":{"start":{"line":92,"column":4},"end":{"line":92,"column":71}},"23":{"start":{"line":95,"column":17},"end":{"line":109,"column":3}},"24":{"start":{"line":96,"column":4},"end":{"line":108,"column":5}},"25":{"start":{"line":97,"column":21},"end":{"line":100,"column":8}},"26":{"start":{"line":101,"column":6},"end":{"line":103,"column":7}},"27":{"start":{"line":102,"column":8},"end":{"line":102,"column":65}},"28":{"start":{"line":105,"column":6},"end":{"line":105,"column":54}},"29":{"start":{"line":107,"column":6},"end":{"line":107,"column":74}},"30":{"start":{"line":111,"column":17},"end":{"line":123,"column":3}},"31":{"start":{"line":112,"column":4},"end":{"line":122,"column":5}},"32":{"start":{"line":113,"column":21},"end":{"line":117,"column":8}},"33":{"start":{"line":118,"column":6},"end":{"line":118,"column":47}},"34":{"start":{"line":119,"column":6},"end":{"line":119,"column":68}},"35":{"start":{"line":121,"column":6},"end":{"line":121,"column":73}},"36":{"start":{"line":125,"column":17},"end":{"line":128,"column":3}},"37":{"start":{"line":126,"column":4},"end":{"line":126,"column":43}},"38":{"start":{"line":127,"column":4},"end":{"line":127,"column":23}},"39":{"start":{"line":130,"column":22},"end":{"line":132,"column":3}},"40":{"start":{"line":131,"column":4},"end":{"line":131,"column":35}},"41":{"start":{"line":134,"column":2},"end":{"line":146,"column":4}},"42":{"start":{"line":149,"column":28},"end":{"line":149,"column":57}},"43":{"start":{"line":149,"column":34},"end":{"line":149,"column":57}}},"fnMap":{"0":{"name":"(anonymous_0)","decl":{"start":{"line":50,"column":28},"end":{"line":50,"column":29}},"loc":{"start":{"line":50,"column":49},"end":{"line":147,"column":1}},"line":50},"1":{"name":"(anonymous_1)","decl":{"start":{"line":60,"column":4},"end":{"line":60,"column":5}},"loc":{"start":{"line":60,"column":11},"end":{"line":69,"column":5}},"line":60},"2":{"name":"(anonymous_2)","decl":{"start":{"line":73,"column":12},"end":{"line":73,"column":13}},"loc":{"start":{"line":73,"column":18},"end":{"line":75,"column":3}},"line":73},"3":{"name":"(anonymous_3)","decl":{"start":{"line":77,"column":21},"end":{"line":77,"column":22}},"loc":{"start":{"line":77,"column":33},"end":{"line":93,"column":3}},"line":77},"4":{"name":"(anonymous_4)","decl":{"start":{"line":95,"column":17},"end":{"line":95,"column":18}},"loc":{"start":{"line":95,"column":58},"end":{"line":109,"column":3}},"line":95},"5":{"name":"(anonymous_5)","decl":{"start":{"line":111,"column":17},"end":{"line":111,"column":18}},"loc":{"start":{"line":111,"column":69},"end":{"line":123,"column":3}},"line":111},"6":{"name":"(anonymous_6)","decl":{"start":{"line":125,"column":17},"end":{"line":125,"column":18}},"loc":{"start":{"line":125,"column":29},"end":{"line":128,"column":3}},"line":125},"7":{"name":"(anonymous_7)","decl":{"start":{"line":130,"column":22},"end":{"line":130,"column":23}},"loc":{"start":{"line":130,"column":28},"end":{"line":132,"column":3}},"line":130},"8":{"name":"(anonymous_8)","decl":{"start":{"line":149,"column":28},"end":{"line":149,"column":29}},"loc":{"start":{"line":149,"column":34},"end":{"line":149,"column":57}},"line":149}},"branchMap":{"0":{"loc":{"start":{"line":81,"column":4},"end":{"line":83,"column":5}},"type":"if","locations":[{"start":{"line":81,"column":4},"end":{"line":83,"column":5}},{"start":{},"end":{}}],"line":81},"1":{"loc":{"start":{"line":87,"column":4},"end":{"line":89,"column":5}},"type":"if","locations":[{"start":{"line":87,"column":4},"end":{"line":89,"column":5}},{"start":{},"end":{}}],"line":87},"2":{"loc":{"start":{"line":101,"column":6},"end":{"line":103,"column":7}},"type":"if","locations":[{"start":{"line":101,"column":6},"end":{"line":103,"column":7}},{"start":{},"end":{}}],"line":101}},"s":{"0":1,"1":1,"2":0,"3":0,"4":0,"5":0,"6":0,"7":0,"8":0,"9":0,"10":0,"11":0,"12":0,"13":0,"14":0,"15":0,"16":0,"17":0,"18":0,"19":0,"20":0,"21":0,"22":0,"23":0,"24":0,"25":0,"26":0,"27":0,"28":0,"29":0,"30":0,"31":0,"32":0,"33":0,"34":0,"35":0,"36":0,"37":0,"38":0,"39":0,"40":0,"41":0,"42":1,"43":1},"f":{"0":0,"1":0,"2":0,"3":0,"4":0,"5":0,"6":0,"7":0,"8":1},"b":{"0":[0,0],"1":[0,0],"2":[0,0]},"_coverageSchema":"1a1c01bbd47fc00a2c39e90264f33305004495a9","hash":"3d87710e5e875b603da4fb00fde8c633ddb3243b"}
,"C:\\Users\\juan.medina\\Documents\\dale\\actividad-01\\rn-login\\rnlogin\\src\\hooks\\loginHooks.tsx": {"path":"C:\\Users\\juan.medina\\Documents\\dale\\actividad-01\\rn-login\\rnlogin\\src\\hooks\\loginHooks.tsx","statementMap":{"0":{"start":{"line":5,"column":30},"end":{"line":5,"column":62}},"1":{"start":{"line":5,"column":36},"end":{"line":5,"column":62}},"2":{"start":{"line":6,"column":63},"end":{"line":6,"column":74}}},"fnMap":{"0":{"name":"(anonymous_0)","decl":{"start":{"line":5,"column":30},"end":{"line":5,"column":31}},"loc":{"start":{"line":5,"column":36},"end":{"line":5,"column":62}},"line":5}},"branchMap":{},"s":{"0":1,"1":0,"2":1},"f":{"0":0},"b":{},"_coverageSchema":"1a1c01bbd47fc00a2c39e90264f33305004495a9","hash":"2507ef0343755bff179354d5ba0ddad1ce53ef1b"}
,"C:\\Users\\juan.medina\\Documents\\dale\\actividad-01\\rn-login\\rnlogin\\src\\redux\\slices\\authSlice.tsx": {"path":"C:\\Users\\juan.medina\\Documents\\dale\\actividad-01\\rn-login\\rnlogin\\src\\redux\\slices\\authSlice.tsx","statementMap":{"0":{"start":{"line":15,"column":32},"end":{"line":23,"column":1}},"1":{"start":{"line":25,"column":18},"end":{"line":75,"column":2}},"2":{"start":{"line":30,"column":6},"end":{"line":30,"column":24}},"3":{"start":{"line":31,"column":6},"end":{"line":31,"column":41}},"4":{"start":{"line":32,"column":6},"end":{"line":32,"column":25}},"5":{"start":{"line":33,"column":6},"end":{"line":33,"column":55}},"6":{"start":{"line":36,"column":6},"end":{"line":36,"column":30}},"7":{"start":{"line":39,"column":6},"end":{"line":39,"column":30}},"8":{"start":{"line":40,"column":6},"end":{"line":40,"column":37}},"9":{"start":{"line":41,"column":6},"end":{"line":41,"column":41}},"10":{"start":{"line":42,"column":6},"end":{"line":42,"column":39}},"11":{"start":{"line":45,"column":6},"end":{"line":45,"column":30}},"12":{"start":{"line":46,"column":6},"end":{"line":46,"column":41}},"13":{"start":{"line":47,"column":6},"end":{"line":47,"column":25}},"14":{"start":{"line":48,"column":6},"end":{"line":48,"column":39}},"15":{"start":{"line":51,"column":6},"end":{"line":51,"column":24}},"16":{"start":{"line":52,"column":6},"end":{"line":52,"column":41}},"17":{"start":{"line":53,"column":6},"end":{"line":53,"column":25}},"18":{"start":{"line":54,"column":6},"end":{"line":54,"column":30}},"19":{"start":{"line":57,"column":6},"end":{"line":57,"column":41}},"20":{"start":{"line":58,"column":6},"end":{"line":58,"column":25}},"21":{"start":{"line":59,"column":6},"end":{"line":59,"column":24}},"22":{"start":{"line":62,"column":6},"end":{"line":62,"column":39}},"23":{"start":{"line":65,"column":6},"end":{"line":65,"column":41}},"24":{"start":{"line":68,"column":6},"end":{"line":68,"column":47}},"25":{"start":{"line":71,"column":6},"end":{"line":71,"column":23}},"26":{"start":{"line":72,"column":6},"end":{"line":72,"column":26}},"27":{"start":{"line":88,"column":4},"end":{"line":88,"column":21}},"28":{"start":{"line":90,"column":27},"end":{"line":90,"column":75}},"29":{"start":{"line":90,"column":49},"end":{"line":90,"column":75}},"30":{"start":{"line":91,"column":34},"end":{"line":92,"column":35}},"31":{"start":{"line":92,"column":2},"end":{"line":92,"column":35}},"32":{"start":{"line":93,"column":28},"end":{"line":93,"column":77}},"33":{"start":{"line":93,"column":50},"end":{"line":93,"column":77}},"34":{"start":{"line":94,"column":26},"end":{"line":94,"column":73}},"35":{"start":{"line":94,"column":48},"end":{"line":94,"column":73}},"36":{"start":{"line":95,"column":26},"end":{"line":95,"column":73}},"37":{"start":{"line":95,"column":48},"end":{"line":95,"column":73}},"38":{"start":{"line":96,"column":27},"end":{"line":96,"column":75}},"39":{"start":{"line":96,"column":49},"end":{"line":96,"column":75}},"40":{"start":{"line":97,"column":30},"end":{"line":97,"column":81}},"41":{"start":{"line":97,"column":52},"end":{"line":97,"column":81}}},"fnMap":{"0":{"name":"(anonymous_0)","decl":{"start":{"line":29,"column":21},"end":{"line":29,"column":22}},"loc":{"start":{"line":29,"column":40},"end":{"line":34,"column":5}},"line":29},"1":{"name":"(anonymous_1)","decl":{"start":{"line":35,"column":24},"end":{"line":35,"column":25}},"loc":{"start":{"line":35,"column":33},"end":{"line":37,"column":5}},"line":35},"2":{"name":"(anonymous_2)","decl":{"start":{"line":38,"column":11},"end":{"line":38,"column":12}},"loc":{"start":{"line":38,"column":30},"end":{"line":43,"column":5}},"line":38},"3":{"name":"(anonymous_3)","decl":{"start":{"line":44,"column":14},"end":{"line":44,"column":15}},"loc":{"start":{"line":44,"column":33},"end":{"line":49,"column":5}},"line":44},"4":{"name":"(anonymous_4)","decl":{"start":{"line":50,"column":12},"end":{"line":50,"column":13}},"loc":{"start":{"line":50,"column":21},"end":{"line":55,"column":5}},"line":50},"5":{"name":"(anonymous_5)","decl":{"start":{"line":56,"column":13},"end":{"line":56,"column":14}},"loc":{"start":{"line":56,"column":22},"end":{"line":60,"column":5}},"line":56},"6":{"name":"(anonymous_6)","decl":{"start":{"line":61,"column":13},"end":{"line":61,"column":14}},"loc":{"start":{"line":61,"column":32},"end":{"line":63,"column":5}},"line":61},"7":{"name":"(anonymous_7)","decl":{"start":{"line":64,"column":14},"end":{"line":64,"column":15}},"loc":{"start":{"line":64,"column":33},"end":{"line":66,"column":5}},"line":64},"8":{"name":"(anonymous_8)","decl":{"start":{"line":67,"column":17},"end":{"line":67,"column":18}},"loc":{"start":{"line":67,"column":36},"end":{"line":69,"column":5}},"line":67},"9":{"name":"(anonymous_9)","decl":{"start":{"line":70,"column":18},"end":{"line":70,"column":19}},"loc":{"start":{"line":70,"column":27},"end":{"line":73,"column":5}},"line":70},"10":{"name":"(anonymous_10)","decl":{"start":{"line":90,"column":27},"end":{"line":90,"column":28}},"loc":{"start":{"line":90,"column":49},"end":{"line":90,"column":75}},"line":90},"11":{"name":"(anonymous_11)","decl":{"start":{"line":91,"column":34},"end":{"line":91,"column":35}},"loc":{"start":{"line":92,"column":2},"end":{"line":92,"column":35}},"line":92},"12":{"name":"(anonymous_12)","decl":{"start":{"line":93,"column":28},"end":{"line":93,"column":29}},"loc":{"start":{"line":93,"column":50},"end":{"line":93,"column":77}},"line":93},"13":{"name":"(anonymous_13)","decl":{"start":{"line":94,"column":26},"end":{"line":94,"column":27}},"loc":{"start":{"line":94,"column":48},"end":{"line":94,"column":73}},"line":94},"14":{"name":"(anonymous_14)","decl":{"start":{"line":95,"column":26},"end":{"line":95,"column":27}},"loc":{"start":{"line":95,"column":48},"end":{"line":95,"column":73}},"line":95},"15":{"name":"(anonymous_15)","decl":{"start":{"line":96,"column":27},"end":{"line":96,"column":28}},"loc":{"start":{"line":96,"column":49},"end":{"line":96,"column":75}},"line":96},"16":{"name":"(anonymous_16)","decl":{"start":{"line":97,"column":30},"end":{"line":97,"column":31}},"loc":{"start":{"line":97,"column":52},"end":{"line":97,"column":81}},"line":97}},"branchMap":{},"s":{"0":1,"1":1,"2":0,"3":0,"4":0,"5":0,"6":0,"7":0,"8":0,"9":0,"10":0,"11":0,"12":0,"13":0,"14":0,"15":0,"16":0,"17":0,"18":0,"19":0,"20":0,"21":0,"22":0,"23":0,"24":0,"25":0,"26":0,"27":1,"28":1,"29":0,"30":1,"31":0,"32":1,"33":0,"34":1,"35":0,"36":1,"37":0,"38":1,"39":0,"40":1,"41":0},"f":{"0":0,"1":0,"2":0,"3":0,"4":0,"5":0,"6":0,"7":0,"8":0,"9":0,"10":0,"11":0,"12":0,"13":0,"14":0,"15":0,"16":0},"b":{},"_coverageSchema":"1a1c01bbd47fc00a2c39e90264f33305004495a9","hash":"b4d0f828fbc5f957a7f5ed7435b30aefc1771022"}
}
