TN:
SF:src\api\loginApi.tsx
FN:10,(anonymous_0)
FNF:1
FNH:0
FNDA:0,(anonymous_0)
DA:5,3
DA:7,3
DA:9,3
DA:11,0
DA:12,0
DA:13,0
DA:15,0
LF:7
LH:3
BRDA:12,0,0,0
BRDA:12,0,1,0
BRF:2
BRH:0
end_of_record
TN:
SF:src\components\atoms\ButtonA.tsx
FNF:0
FNH:0
DA:5,3
DA:14,3
LF:2
LH:2
BRF:0
BRH:0
end_of_record
TN:
SF:src\components\atoms\CenterView.tsx
FNF:0
FNH:0
DA:3,2
LF:1
LH:1
BRF:0
BRH:0
end_of_record
TN:
SF:src\components\atoms\KeyboardAvoidingA.tsx
FNF:0
FNH:0
DA:3,1
LF:1
LH:1
BRF:0
BRH:0
end_of_record
TN:
SF:src\components\atoms\Loader.tsx
FN:4,(anonymous_0)
FNF:1
FNH:0
FNDA:0,(anonymous_0)
DA:4,1
DA:5,0
LF:2
LH:1
BRF:0
BRH:0
end_of_record
TN:
SF:src\components\atoms\ScrollViewA.tsx
FNF:0
FNH:0
DA:3,1
LF:1
LH:1
BRF:0
BRH:0
end_of_record
TN:
SF:src\components\atoms\TextA.tsx
FNF:0
FNH:0
DA:3,2
LF:1
LH:1
BRF:0
BRH:0
end_of_record
TN:
SF:src\components\atoms\TextErrorLabel.tsx
FNF:0
FNH:0
DA:3,2
LF:1
LH:1
BRF:0
BRH:0
end_of_record
TN:
SF:src\components\atoms\TextInputA.tsx
FN:26,(anonymous_0)
FN:51,(anonymous_1)
FNF:2
FNH:2
FNDA:7,(anonymous_0)
FNDA:1,(anonymous_1)
DA:26,2
DA:40,7
DA:51,1
LF:3
LH:3
BRDA:29,0,0,7
BRDA:30,1,0,7
BRDA:31,2,0,7
BRDA:32,3,0,7
BRDA:33,4,0,7
BRDA:34,5,0,7
BRDA:35,6,0,7
BRDA:36,7,0,7
BRF:8
BRH:8
end_of_record
TN:
SF:src\components\atoms\TextTitle.tsx
FNF:0
FNH:0
DA:3,3
LF:1
LH:1
BRF:0
BRH:0
end_of_record
TN:
SF:src\components\molecules\LoginButtons.tsx
FN:16,(anonymous_0)
FNF:1
FNH:1
FNDA:3,(anonymous_0)
DA:5,1
DA:16,1
DA:17,3
LF:3
LH:3
BRF:0
BRH:0
end_of_record
TN:
SF:src\components\molecules\RegisterButtons.tsx
FN:16,(anonymous_0)
FNF:1
FNH:1
FNDA:1,(anonymous_0)
DA:5,1
DA:16,1
DA:17,1
LF:3
LH:3
BRF:0
BRH:0
end_of_record
TN:
SF:src\components\organisms\TextInputsLogin.tsx
FN:12,(anonymous_0)
FN:18,(anonymous_1)
FN:20,(anonymous_2)
FN:26,(anonymous_3)
FN:37,(anonymous_4)
FN:60,(anonymous_5)
FN:64,(anonymous_6)
FNF:7
FNH:5
FNDA:5,(anonymous_0)
FNDA:2,(anonymous_1)
FNDA:1,(anonymous_2)
FNDA:1,(anonymous_3)
FNDA:0,(anonymous_4)
FNDA:1,(anonymous_5)
FNDA:0,(anonymous_6)
DA:12,1
DA:13,5
DA:14,5
DA:15,5
DA:16,5
DA:17,5
DA:18,5
DA:20,5
DA:21,1
DA:22,1
DA:26,5
DA:27,1
DA:28,1
DA:30,5
DA:37,0
DA:60,1
DA:64,0
LF:17
LH:15
BRDA:18,0,0,5
BRDA:18,0,1,0
BRDA:40,1,0,5
BRDA:40,1,1,5
BRDA:43,2,0,0
BRDA:43,2,1,5
BRDA:43,3,0,5
BRDA:43,3,1,3
BRDA:57,4,0,5
BRDA:57,4,1,5
BRDA:66,5,0,0
BRDA:66,5,1,5
BRDA:66,6,0,5
BRDA:66,6,1,4
BRF:14
BRH:11
end_of_record
TN:
SF:src\components\organisms\TextInputsRegister.tsx
FN:13,(anonymous_0)
FN:21,(anonymous_1)
FN:24,(anonymous_2)
FN:29,(anonymous_3)
FN:34,(anonymous_4)
FN:45,(anonymous_5)
FN:60,(anonymous_6)
FN:82,(anonymous_7)
FN:84,(anonymous_8)
FNF:9
FNH:1
FNDA:1,(anonymous_0)
FNDA:0,(anonymous_1)
FNDA:0,(anonymous_2)
FNDA:0,(anonymous_3)
FNDA:0,(anonymous_4)
FNDA:0,(anonymous_5)
FNDA:0,(anonymous_6)
FNDA:0,(anonymous_7)
FNDA:0,(anonymous_8)
DA:13,1
DA:14,1
DA:15,1
DA:16,1
DA:17,1
DA:18,1
DA:19,1
DA:20,1
DA:21,1
DA:24,1
DA:25,0
DA:26,0
DA:29,1
DA:30,0
DA:31,0
DA:34,1
DA:35,0
DA:36,0
DA:38,1
DA:45,0
DA:60,0
DA:82,0
DA:84,0
LF:23
LH:13
BRDA:21,0,0,1
BRDA:21,0,1,0
BRDA:48,1,0,1
BRDA:48,1,1,1
BRDA:51,2,0,0
BRDA:51,2,1,1
BRDA:51,3,0,1
BRDA:51,3,1,1
BRDA:63,4,0,1
BRDA:63,4,1,1
BRDA:66,5,0,0
BRDA:66,5,1,1
BRDA:66,6,0,1
BRDA:66,6,1,1
BRDA:80,7,0,1
BRDA:80,7,1,1
BRDA:89,8,0,0
BRDA:89,8,1,1
BRDA:89,9,0,1
BRDA:89,9,1,1
BRF:20
BRH:16
end_of_record
TN:
SF:src\components\pages\HomePage.tsx
FN:14,(anonymous_0)
FN:17,(anonymous_1)
FN:23,(anonymous_2)
FN:25,(anonymous_3)
FN:33,(anonymous_4)
FNF:5
FNH:3
FNDA:1,(anonymous_0)
FNDA:0,(anonymous_1)
FNDA:1,(anonymous_2)
FNDA:0,(anonymous_3)
FNDA:1,(anonymous_4)
DA:14,1
DA:15,1
DA:16,1
DA:17,1
DA:18,0
DA:20,0
DA:23,1
DA:24,1
DA:26,0
DA:33,1
DA:34,1
DA:35,1
DA:39,1
LF:13
LH:10
BRDA:16,0,0,1
BRDA:16,0,1,0
BRDA:20,1,0,0
BRDA:20,1,1,0
BRDA:34,2,0,1
BRDA:34,2,1,0
BRF:6
BRH:2
end_of_record
TN:
SF:src\components\pages\LoginPage.tsx
FN:13,(anonymous_0)
FN:19,(anonymous_1)
FN:35,(anonymous_2)
FN:45,(anonymous_3)
FNF:4
FNH:4
FNDA:3,(anonymous_0)
FNDA:3,(anonymous_1)
FNDA:1,(anonymous_2)
FNDA:1,(anonymous_3)
DA:13,1
DA:14,3
DA:15,3
DA:16,3
DA:17,3
DA:19,3
DA:20,3
DA:21,3
DA:22,2
DA:25,1
DA:26,1
DA:35,3
DA:36,1
DA:37,1
DA:40,3
DA:45,1
LF:16
LH:16
BRDA:15,0,0,1
BRDA:15,0,1,2
BRDA:16,1,0,1
BRDA:16,1,1,2
BRDA:17,2,0,1
BRDA:17,2,1,2
BRDA:20,3,0,0
BRDA:20,3,1,3
BRDA:21,4,0,2
BRDA:21,4,1,1
BRDA:25,5,0,1
BRDA:25,5,1,0
BRF:12
BRH:10
end_of_record
TN:
SF:src\components\pages\RegisterPage.tsx
FN:13,(anonymous_0)
FN:28,(anonymous_1)
FN:52,(anonymous_2)
FN:70,(anonymous_3)
FNF:4
FNH:2
FNDA:1,(anonymous_0)
FNDA:1,(anonymous_1)
FNDA:0,(anonymous_2)
FNDA:0,(anonymous_3)
DA:13,1
DA:21,1
DA:22,1
DA:24,1
DA:25,1
DA:26,1
DA:28,1
DA:29,1
DA:30,1
DA:31,1
DA:34,0
DA:35,0
DA:41,0
DA:44,0
DA:52,1
DA:53,0
DA:54,0
DA:61,1
DA:70,0
LF:19
LH:12
BRDA:22,0,0,1
BRDA:22,0,1,0
BRDA:24,1,0,1
BRDA:24,1,1,0
BRDA:25,2,0,1
BRDA:25,2,1,0
BRDA:26,3,0,1
BRDA:26,3,1,0
BRDA:29,4,0,0
BRDA:29,4,1,1
BRDA:30,5,0,1
BRDA:30,5,1,0
BRDA:34,6,0,0
BRDA:34,6,1,0
BRDA:65,7,0,1
BRDA:65,7,1,0
BRF:16
BRH:7
end_of_record
TN:
SF:src\context\AuthContext.tsx
FN:55,(anonymous_0)
FN:65,(anonymous_1)
FN:69,(anonymous_2)
FN:87,(anonymous_3)
FN:103,(anonymous_4)
FN:117,(anonymous_5)
FN:122,(anonymous_6)
FN:148,(anonymous_7)
FNF:8
FNH:1
FNDA:0,(anonymous_0)
FNDA:0,(anonymous_1)
FNDA:0,(anonymous_2)
FNDA:0,(anonymous_3)
FNDA:0,(anonymous_4)
FNDA:0,(anonymous_5)
FNDA:0,(anonymous_6)
FNDA:11,(anonymous_7)
DA:53,3
DA:55,3
DA:56,0
DA:57,0
DA:58,0
DA:59,0
DA:60,0
DA:61,0
DA:62,0
DA:63,0
DA:65,0
DA:66,0
DA:69,0
DA:70,0
DA:73,0
DA:74,0
DA:78,0
DA:79,0
DA:80,0
DA:83,0
DA:84,0
DA:87,0
DA:88,0
DA:89,0
DA:93,0
DA:94,0
DA:97,0
DA:99,0
DA:103,0
DA:104,0
DA:105,0
DA:110,0
DA:111,0
DA:113,0
DA:117,0
DA:118,0
DA:119,0
DA:122,0
DA:123,0
DA:126,0
DA:148,11
LF:41
LH:3
BRDA:73,0,0,0
BRDA:73,0,1,0
BRDA:79,1,0,0
BRDA:79,1,1,0
BRDA:93,2,0,0
BRDA:93,2,1,0
BRF:6
BRH:0
end_of_record
TN:
SF:src\helper\validationInput.tsx
FN:1,(anonymous_0)
FNF:1
FNH:1
FNDA:13,(anonymous_0)
DA:1,2
DA:2,13
DA:3,0
DA:5,13
LF:4
LH:3
BRDA:2,0,0,0
BRDA:2,0,1,13
BRDA:5,1,0,13
BRDA:5,1,1,3
BRF:4
BRH:3
end_of_record
TN:
SF:src\hooks\loginHooks.tsx
FN:5,(anonymous_0)
FNF:1
FNH:0
FNDA:0,(anonymous_0)
DA:5,3
DA:6,3
LF:2
LH:2
BRF:0
BRH:0
end_of_record
TN:
SF:src\redux\slices\authSlice.tsx
FN:29,(anonymous_0)
FN:35,(anonymous_1)
FN:38,(anonymous_2)
FN:44,(anonymous_3)
FN:50,(anonymous_4)
FN:56,(anonymous_5)
FN:61,(anonymous_6)
FN:64,(anonymous_7)
FN:67,(anonymous_8)
FN:70,(anonymous_9)
FN:90,(anonymous_10)
FN:91,(anonymous_11)
FN:93,(anonymous_12)
FN:94,(anonymous_13)
FN:95,(anonymous_14)
FN:96,(anonymous_15)
FN:97,(anonymous_16)
FNF:17
FNH:0
FNDA:0,(anonymous_0)
FNDA:0,(anonymous_1)
FNDA:0,(anonymous_2)
FNDA:0,(anonymous_3)
FNDA:0,(anonymous_4)
FNDA:0,(anonymous_5)
FNDA:0,(anonymous_6)
FNDA:0,(anonymous_7)
FNDA:0,(anonymous_8)
FNDA:0,(anonymous_9)
FNDA:0,(anonymous_10)
FNDA:0,(anonymous_11)
FNDA:0,(anonymous_12)
FNDA:0,(anonymous_13)
FNDA:0,(anonymous_14)
FNDA:0,(anonymous_15)
FNDA:0,(anonymous_16)
DA:15,3
DA:25,3
DA:30,0
DA:31,0
DA:32,0
DA:33,0
DA:36,0
DA:39,0
DA:40,0
DA:41,0
DA:42,0
DA:45,0
DA:46,0
DA:47,0
DA:48,0
DA:51,0
DA:52,0
DA:53,0
DA:54,0
DA:57,0
DA:58,0
DA:59,0
DA:62,0
DA:65,0
DA:68,0
DA:71,0
DA:72,0
DA:88,3
DA:90,3
DA:91,3
DA:92,0
DA:93,3
DA:94,3
DA:95,3
DA:96,3
DA:97,3
LF:36
LH:10
BRF:0
BRH:0
end_of_record
TN:
SF:src\theme\loginTheme.tsx
FNF:0
FNH:0
DA:3,2
LF:1
LH:1
BRF:0
BRH:0
end_of_record
